<?xml version="1.0" encoding="UTF-8"?>
<!-- Generated by org.testng.reporters.JUnitReportReporter -->
<testsuite hostname="Shuvo" failures="0" tests="8" name="seleniumbatch.Testing4" time="11.546" errors="0" timestamp="2023-09-06T19:19:41 BDT" skipped="0">
  <testcase classname="seleniumbatch.Testing4" name="TestURL" time="0.318"/>
  <system-out/>
  <testcase classname="seleniumbatch.Testing4" name="TestTitle" time="0.013"/>
  <system-out/>
  <testcase classname="seleniumbatch.Testing4" name="LogIn" time="6.263"/>
  <system-out/>
  <testcase classname="seleniumbatch.Testing4" name="AddRemoveCart" time="1.432"/>
  <system-out/>
  <testcase classname="seleniumbatch.Testing4" name="ClicktoCart" time="0.797"/>
  <system-out/>
  <testcase classname="seleniumbatch.Testing4" name="CheckOut" time="0.683"/>
  <system-out/>
  <testcase classname="seleniumbatch.Testing4" name="CheckoutInfo" time="1.528"/>
  <system-out/>
  <testcase classname="seleniumbatch.Testing4" name="HomePageClick" time="0.512"/>
  <system-out/>
</testsuite> <!-- seleniumbatch.Testing4 -->
